This file contains any messages produced by compilers while
running configure, to aid debugging if configure makes a mistake.

It was created by protobuf-c configure 1.2.1, which was
generated by GNU Autoconf 2.69.  Invocation command line was

  $ ./configure 

## --------- ##
## Platform. ##
## --------- ##

hostname = opel
uname -m = x86_64
uname -r = 3.13.0-96-generic
uname -s = Linux
uname -v = #143-Ubuntu SMP Mon Aug 29 20:15:20 UTC 2016

/usr/bin/uname -p = unknown
/bin/uname -X     = unknown

/bin/arch              = unknown
/usr/bin/arch -k       = unknown
/usr/convex/getsysinfo = unknown
/usr/bin/hostinfo      = unknown
/bin/machine           = unknown
/usr/bin/oslevel       = unknown
/bin/universe          = unknown

PATH: /opt/pleora/ebus_sdk/Ubuntu-14.04-x86_64/bin
PATH: /opt/ros/jade/bin
PATH: /usr/local/sbin
PATH: /usr/local/bin
PATH: /usr/sbin
PATH: /usr/bin
PATH: /sbin
PATH: /bin
PATH: /usr/games
PATH: /usr/local/games


## ----------- ##
## Core tests. ##
## ----------- ##

configure:2581: checking for a BSD-compatible install
configure:2649: result: build-aux/install-sh -c
configure:2660: checking whether build environment is sane
configure:2715: result: yes
configure:2866: checking for a thread-safe mkdir -p
configure:2905: result: /bin/mkdir -p
configure:2912: checking for gawk
configure:2928: found /usr/bin/gawk
configure:2939: result: gawk
configure:2950: checking whether make sets $(MAKE)
configure:2972: result: yes
configure:3001: checking whether make supports nested variables
configure:3018: result: yes
configure:3155: checking for style of include used by make
configure:3183: result: GNU
configure:3254: checking for gcc
configure:3270: found /usr/bin/gcc
configure:3281: result: gcc
configure:3510: checking for C compiler version
configure:3519: gcc --version >&5
gcc (Ubuntu 4.9.4-2ubuntu1~14.04.1) 4.9.4
Copyright (C) 2015 Free Software Foundation, Inc.
This is free software; see the source for copying conditions.  There is NO
warranty; not even for MERCHANTABILITY or FITNESS FOR A PARTICULAR PURPOSE.

configure:3530: $? = 0
configure:3519: gcc -v >&5
Using built-in specs.
COLLECT_GCC=gcc
COLLECT_LTO_WRAPPER=/usr/lib/gcc/x86_64-linux-gnu/4.9/lto-wrapper
Target: x86_64-linux-gnu
Configured with: ../src/configure -v --with-pkgversion='Ubuntu 4.9.4-2ubuntu1~14.04.1' --with-bugurl=file:///usr/share/doc/gcc-4.9/README.Bugs --enable-languages=c,c++,java,go,d,fortran,objc,obj-c++ --prefix=/usr --program-suffix=-4.9 --enable-shared --enable-linker-build-id --libexecdir=/usr/lib --without-included-gettext --enable-threads=posix --with-gxx-include-dir=/usr/include/c++/4.9 --libdir=/usr/lib --enable-nls --with-sysroot=/ --enable-clocale=gnu --enable-libstdcxx-debug --enable-libstdcxx-time=yes --enable-gnu-unique-object --disable-vtable-verify --enable-plugin --with-system-zlib --disable-browser-plugin --enable-java-awt=gtk --enable-gtk-cairo --with-java-home=/usr/lib/jvm/java-1.5.0-gcj-4.9-amd64/jre --enable-java-home --with-jvm-root-dir=/usr/lib/jvm/java-1.5.0-gcj-4.9-amd64 --with-jvm-jar-dir=/usr/lib/jvm-exports/java-1.5.0-gcj-4.9-amd64 --with-arch-directory=amd64 --with-ecj-jar=/usr/share/java/eclipse-ecj.jar --enable-objc-gc --enable-multiarch --disable-werror --with-arch-32=i686 --with-abi=m64 --with-multilib-list=m32,m64,mx32 --enable-multilib --with-tune=generic --enable-checking=release --build=x86_64-linux-gnu --host=x86_64-linux-gnu --target=x86_64-linux-gnu
Thread model: posix
gcc version 4.9.4 (Ubuntu 4.9.4-2ubuntu1~14.04.1) 
configure:3530: $? = 0
configure:3519: gcc -V >&5
gcc: error: unrecognized command line option '-V'
gcc: fatal error: no input files
compilation terminated.
configure:3530: $? = 4
configure:3519: gcc -qversion >&5
gcc: error: unrecognized command line option '-qversion'
gcc: fatal error: no input files
compilation terminated.
configure:3530: $? = 4
configure:3550: checking whether the C compiler works
configure:3572: gcc    conftest.c  >&5
configure:3576: $? = 0
configure:3624: result: yes
configure:3627: checking for C compiler default output file name
configure:3629: result: a.out
configure:3635: checking for suffix of executables
configure:3642: gcc -o conftest    conftest.c  >&5
configure:3646: $? = 0
configure:3668: result: 
configure:3690: checking whether we are cross compiling
configure:3698: gcc -o conftest    conftest.c  >&5
configure:3702: $? = 0
configure:3709: ./conftest
configure:3713: $? = 0
configure:3728: result: no
configure:3733: checking for suffix of object files
configure:3755: gcc -c   conftest.c >&5
configure:3759: $? = 0
configure:3780: result: o
configure:3784: checking whether we are using the GNU C compiler
configure:3803: gcc -c   conftest.c >&5
configure:3803: $? = 0
configure:3812: result: yes
configure:3821: checking whether gcc accepts -g
configure:3841: gcc -c -g  conftest.c >&5
configure:3841: $? = 0
configure:3882: result: yes
configure:3899: checking for gcc option to accept ISO C89
configure:3962: gcc  -c -g -O2  conftest.c >&5
configure:3962: $? = 0
configure:3975: result: none needed
configure:4000: checking whether gcc understands -c and -o together
configure:4022: gcc -c conftest.c -o conftest2.o
configure:4025: $? = 0
configure:4022: gcc -c conftest.c -o conftest2.o
configure:4025: $? = 0
configure:4037: result: yes
configure:4056: checking dependency style of gcc
configure:4167: result: gcc3
configure:4186: checking for gcc option to accept ISO C99
configure:4335: gcc  -c -g -O2  conftest.c >&5
conftest.c:61:29: error: expected ';', ',' or ')' before 'text'
 test_restrict (ccp restrict text)
                             ^
conftest.c: In function 'main':
conftest.c:115:18: error: expected '=', ',', ';', 'asm' or '__attribute__' before 'newvar'
   char *restrict newvar = "Another string";
                  ^
conftest.c:115:18: error: 'newvar' undeclared (first use in this function)
conftest.c:115:18: note: each undeclared identifier is reported only once for each function it appears in
conftest.c:125:3: error: 'for' loop initial declarations are only allowed in C99 or C11 mode
   for (int i = 0; i < ia->datasize; ++i)
   ^
conftest.c:125:3: note: use option -std=c99, -std=gnu99, -std=c11 or -std=gnu11 to compile your code
configure:4335: $? = 1
configure: failed program was:
| /* confdefs.h */
| #define PACKAGE_NAME "protobuf-c"
| #define PACKAGE_TARNAME "protobuf-c"
| #define PACKAGE_VERSION "1.2.1"
| #define PACKAGE_STRING "protobuf-c 1.2.1"
| #define PACKAGE_BUGREPORT "https://github.com/protobuf-c/protobuf-c/issues"
| #define PACKAGE_URL "https://github.com/protobuf-c/protobuf-c"
| #define PACKAGE "protobuf-c"
| #define VERSION "1.2.1"
| /* end confdefs.h.  */
| #include <stdarg.h>
| #include <stdbool.h>
| #include <stdlib.h>
| #include <wchar.h>
| #include <stdio.h>
| 
| // Check varargs macros.  These examples are taken from C99 6.10.3.5.
| #define debug(...) fprintf (stderr, __VA_ARGS__)
| #define showlist(...) puts (#__VA_ARGS__)
| #define report(test,...) ((test) ? puts (#test) : printf (__VA_ARGS__))
| static void
| test_varargs_macros (void)
| {
|   int x = 1234;
|   int y = 5678;
|   debug ("Flag");
|   debug ("X = %d\n", x);
|   showlist (The first, second, and third items.);
|   report (x>y, "x is %d but y is %d", x, y);
| }
| 
| // Check long long types.
| #define BIG64 18446744073709551615ull
| #define BIG32 4294967295ul
| #define BIG_OK (BIG64 / BIG32 == 4294967297ull && BIG64 % BIG32 == 0)
| #if !BIG_OK
|   your preprocessor is broken;
| #endif
| #if BIG_OK
| #else
|   your preprocessor is broken;
| #endif
| static long long int bignum = -9223372036854775807LL;
| static unsigned long long int ubignum = BIG64;
| 
| struct incomplete_array
| {
|   int datasize;
|   double data[];
| };
| 
| struct named_init {
|   int number;
|   const wchar_t *name;
|   double average;
| };
| 
| typedef const char *ccp;
| 
| static inline int
| test_restrict (ccp restrict text)
| {
|   // See if C++-style comments work.
|   // Iterate through items via the restricted pointer.
|   // Also check for declarations in for loops.
|   for (unsigned int i = 0; *(text+i) != '\0'; ++i)
|     continue;
|   return 0;
| }
| 
| // Check varargs and va_copy.
| static void
| test_varargs (const char *format, ...)
| {
|   va_list args;
|   va_start (args, format);
|   va_list args_copy;
|   va_copy (args_copy, args);
| 
|   const char *str;
|   int number;
|   float fnumber;
| 
|   while (*format)
|     {
|       switch (*format++)
| 	{
| 	case 's': // string
| 	  str = va_arg (args_copy, const char *);
| 	  break;
| 	case 'd': // int
| 	  number = va_arg (args_copy, int);
| 	  break;
| 	case 'f': // float
| 	  fnumber = va_arg (args_copy, double);
| 	  break;
| 	default:
| 	  break;
| 	}
|     }
|   va_end (args_copy);
|   va_end (args);
| }
| 
| int
| main ()
| {
| 
|   // Check bool.
|   _Bool success = false;
| 
|   // Check restrict.
|   if (test_restrict ("String literal") == 0)
|     success = true;
|   char *restrict newvar = "Another string";
| 
|   // Check varargs.
|   test_varargs ("s, d' f .", "string", 65, 34.234);
|   test_varargs_macros ();
| 
|   // Check flexible array members.
|   struct incomplete_array *ia =
|     malloc (sizeof (struct incomplete_array) + (sizeof (double) * 10));
|   ia->datasize = 10;
|   for (int i = 0; i < ia->datasize; ++i)
|     ia->data[i] = i * 1.234;
| 
|   // Check named initializers.
|   struct named_init ni = {
|     .number = 34,
|     .name = L"Test wide string",
|     .average = 543.34343,
|   };
| 
|   ni.number = 58;
| 
|   int dynamic_array[ni.number];
|   dynamic_array[ni.number - 1] = 543;
| 
|   // work around unused variable warnings
|   return (!success || bignum == 0LL || ubignum == 0uLL || newvar[0] == 'x'
| 	  || dynamic_array[ni.number - 1] != 543);
| 
|   ;
|   return 0;
| }
configure:4335: gcc -std=gnu99 -c -g -O2  conftest.c >&5
configure:4335: $? = 0
configure:4355: result: -std=gnu99
configure:4456: checking for gcc -std=gnu99 option to accept ISO Standard C
configure:4470: result: -std=gnu99
configure:4532: checking for g++
configure:4548: found /usr/bin/g++
configure:4559: result: g++
configure:4586: checking for C++ compiler version
configure:4595: g++ --version >&5
g++ (Ubuntu 4.9.4-2ubuntu1~14.04.1) 4.9.4
Copyright (C) 2015 Free Software Foundation, Inc.
This is free software; see the source for copying conditions.  There is NO
warranty; not even for MERCHANTABILITY or FITNESS FOR A PARTICULAR PURPOSE.

configure:4606: $? = 0
configure:4595: g++ -v >&5
Using built-in specs.
COLLECT_GCC=g++
COLLECT_LTO_WRAPPER=/usr/lib/gcc/x86_64-linux-gnu/4.9/lto-wrapper
Target: x86_64-linux-gnu
Configured with: ../src/configure -v --with-pkgversion='Ubuntu 4.9.4-2ubuntu1~14.04.1' --with-bugurl=file:///usr/share/doc/gcc-4.9/README.Bugs --enable-languages=c,c++,java,go,d,fortran,objc,obj-c++ --prefix=/usr --program-suffix=-4.9 --enable-shared --enable-linker-build-id --libexecdir=/usr/lib --without-included-gettext --enable-threads=posix --with-gxx-include-dir=/usr/include/c++/4.9 --libdir=/usr/lib --enable-nls --with-sysroot=/ --enable-clocale=gnu --enable-libstdcxx-debug --enable-libstdcxx-time=yes --enable-gnu-unique-object --disable-vtable-verify --enable-plugin --with-system-zlib --disable-browser-plugin --enable-java-awt=gtk --enable-gtk-cairo --with-java-home=/usr/lib/jvm/java-1.5.0-gcj-4.9-amd64/jre --enable-java-home --with-jvm-root-dir=/usr/lib/jvm/java-1.5.0-gcj-4.9-amd64 --with-jvm-jar-dir=/usr/lib/jvm-exports/java-1.5.0-gcj-4.9-amd64 --with-arch-directory=amd64 --with-ecj-jar=/usr/share/java/eclipse-ecj.jar --enable-objc-gc --enable-multiarch --disable-werror --with-arch-32=i686 --with-abi=m64 --with-multilib-list=m32,m64,mx32 --enable-multilib --with-tune=generic --enable-checking=release --build=x86_64-linux-gnu --host=x86_64-linux-gnu --target=x86_64-linux-gnu
Thread model: posix
gcc version 4.9.4 (Ubuntu 4.9.4-2ubuntu1~14.04.1) 
configure:4606: $? = 0
configure:4595: g++ -V >&5
g++: error: unrecognized command line option '-V'
g++: fatal error: no input files
compilation terminated.
configure:4606: $? = 4
configure:4595: g++ -qversion >&5
g++: error: unrecognized command line option '-qversion'
g++: fatal error: no input files
compilation terminated.
configure:4606: $? = 4
configure:4610: checking whether we are using the GNU C++ compiler
configure:4629: g++ -c   conftest.cpp >&5
configure:4629: $? = 0
configure:4638: result: yes
configure:4647: checking whether g++ accepts -g
configure:4667: g++ -c -g  conftest.cpp >&5
configure:4667: $? = 0
configure:4708: result: yes
configure:4733: checking dependency style of g++
configure:4844: result: gcc3
configure:4859: checking whether ln -s works
configure:4866: result: no, using cp -pR
configure:4877: checking how to run the C preprocessor
configure:4908: gcc -std=gnu99 -E  conftest.c
configure:4908: $? = 0
configure:4922: gcc -std=gnu99 -E  conftest.c
conftest.c:11:28: fatal error: ac_nonexistent.h: No such file or directory
 #include <ac_nonexistent.h>
                            ^
compilation terminated.
configure:4922: $? = 1
configure: failed program was:
| /* confdefs.h */
| #define PACKAGE_NAME "protobuf-c"
| #define PACKAGE_TARNAME "protobuf-c"
| #define PACKAGE_VERSION "1.2.1"
| #define PACKAGE_STRING "protobuf-c 1.2.1"
| #define PACKAGE_BUGREPORT "https://github.com/protobuf-c/protobuf-c/issues"
| #define PACKAGE_URL "https://github.com/protobuf-c/protobuf-c"
| #define PACKAGE "protobuf-c"
| #define VERSION "1.2.1"
| /* end confdefs.h.  */
| #include <ac_nonexistent.h>
configure:4947: result: gcc -std=gnu99 -E
configure:4967: gcc -std=gnu99 -E  conftest.c
configure:4967: $? = 0
configure:4981: gcc -std=gnu99 -E  conftest.c
conftest.c:11:28: fatal error: ac_nonexistent.h: No such file or directory
 #include <ac_nonexistent.h>
                            ^
compilation terminated.
configure:4981: $? = 1
configure: failed program was:
| /* confdefs.h */
| #define PACKAGE_NAME "protobuf-c"
| #define PACKAGE_TARNAME "protobuf-c"
| #define PACKAGE_VERSION "1.2.1"
| #define PACKAGE_STRING "protobuf-c 1.2.1"
| #define PACKAGE_BUGREPORT "https://github.com/protobuf-c/protobuf-c/issues"
| #define PACKAGE_URL "https://github.com/protobuf-c/protobuf-c"
| #define PACKAGE "protobuf-c"
| #define VERSION "1.2.1"
| /* end confdefs.h.  */
| #include <ac_nonexistent.h>
configure:5010: checking for grep that handles long lines and -e
configure:5068: result: /bin/grep
configure:5073: checking for egrep
configure:5135: result: /bin/grep -E
configure:5140: checking for ANSI C header files
configure:5160: gcc -std=gnu99 -c -g -O2  conftest.c >&5
configure:5160: $? = 0
configure:5233: gcc -std=gnu99 -o conftest -g -O2   conftest.c  >&5
configure:5233: $? = 0
configure:5233: ./conftest
configure:5233: $? = 0
configure:5244: result: yes
configure:5257: checking for sys/types.h
configure:5257: gcc -std=gnu99 -c -g -O2  conftest.c >&5
configure:5257: $? = 0
configure:5257: result: yes
configure:5257: checking for sys/stat.h
configure:5257: gcc -std=gnu99 -c -g -O2  conftest.c >&5
configure:5257: $? = 0
configure:5257: result: yes
configure:5257: checking for stdlib.h
configure:5257: gcc -std=gnu99 -c -g -O2  conftest.c >&5
configure:5257: $? = 0
configure:5257: result: yes
configure:5257: checking for string.h
configure:5257: gcc -std=gnu99 -c -g -O2  conftest.c >&5
configure:5257: $? = 0
configure:5257: result: yes
configure:5257: checking for memory.h
configure:5257: gcc -std=gnu99 -c -g -O2  conftest.c >&5
configure:5257: $? = 0
configure:5257: result: yes
configure:5257: checking for strings.h
configure:5257: gcc -std=gnu99 -c -g -O2  conftest.c >&5
configure:5257: $? = 0
configure:5257: result: yes
configure:5257: checking for inttypes.h
configure:5257: gcc -std=gnu99 -c -g -O2  conftest.c >&5
configure:5257: $? = 0
configure:5257: result: yes
configure:5257: checking for stdint.h
configure:5257: gcc -std=gnu99 -c -g -O2  conftest.c >&5
configure:5257: $? = 0
configure:5257: result: yes
configure:5257: checking for unistd.h
configure:5257: gcc -std=gnu99 -c -g -O2  conftest.c >&5
configure:5257: $? = 0
configure:5257: result: yes
configure:5270: checking minix/config.h usability
configure:5270: gcc -std=gnu99 -c -g -O2  conftest.c >&5
conftest.c:54:26: fatal error: minix/config.h: No such file or directory
 #include <minix/config.h>
                          ^
compilation terminated.
configure:5270: $? = 1
configure: failed program was:
| /* confdefs.h */
| #define PACKAGE_NAME "protobuf-c"
| #define PACKAGE_TARNAME "protobuf-c"
| #define PACKAGE_VERSION "1.2.1"
| #define PACKAGE_STRING "protobuf-c 1.2.1"
| #define PACKAGE_BUGREPORT "https://github.com/protobuf-c/protobuf-c/issues"
| #define PACKAGE_URL "https://github.com/protobuf-c/protobuf-c"
| #define PACKAGE "protobuf-c"
| #define VERSION "1.2.1"
| #define STDC_HEADERS 1
| #define HAVE_SYS_TYPES_H 1
| #define HAVE_SYS_STAT_H 1
| #define HAVE_STDLIB_H 1
| #define HAVE_STRING_H 1
| #define HAVE_MEMORY_H 1
| #define HAVE_STRINGS_H 1
| #define HAVE_INTTYPES_H 1
| #define HAVE_STDINT_H 1
| #define HAVE_UNISTD_H 1
| /* end confdefs.h.  */
| #include <stdio.h>
| #ifdef HAVE_SYS_TYPES_H
| # include <sys/types.h>
| #endif
| #ifdef HAVE_SYS_STAT_H
| # include <sys/stat.h>
| #endif
| #ifdef STDC_HEADERS
| # include <stdlib.h>
| # include <stddef.h>
| #else
| # ifdef HAVE_STDLIB_H
| #  include <stdlib.h>
| # endif
| #endif
| #ifdef HAVE_STRING_H
| # if !defined STDC_HEADERS && defined HAVE_MEMORY_H
| #  include <memory.h>
| # endif
| # include <string.h>
| #endif
| #ifdef HAVE_STRINGS_H
| # include <strings.h>
| #endif
| #ifdef HAVE_INTTYPES_H
| # include <inttypes.h>
| #endif
| #ifdef HAVE_STDINT_H
| # include <stdint.h>
| #endif
| #ifdef HAVE_UNISTD_H
| # include <unistd.h>
| #endif
| #include <minix/config.h>
configure:5270: result: no
configure:5270: checking minix/config.h presence
configure:5270: gcc -std=gnu99 -E  conftest.c
conftest.c:21:26: fatal error: minix/config.h: No such file or directory
 #include <minix/config.h>
                          ^
compilation terminated.
configure:5270: $? = 1
configure: failed program was:
| /* confdefs.h */
| #define PACKAGE_NAME "protobuf-c"
| #define PACKAGE_TARNAME "protobuf-c"
| #define PACKAGE_VERSION "1.2.1"
| #define PACKAGE_STRING "protobuf-c 1.2.1"
| #define PACKAGE_BUGREPORT "https://github.com/protobuf-c/protobuf-c/issues"
| #define PACKAGE_URL "https://github.com/protobuf-c/protobuf-c"
| #define PACKAGE "protobuf-c"
| #define VERSION "1.2.1"
| #define STDC_HEADERS 1
| #define HAVE_SYS_TYPES_H 1
| #define HAVE_SYS_STAT_H 1
| #define HAVE_STDLIB_H 1
| #define HAVE_STRING_H 1
| #define HAVE_MEMORY_H 1
| #define HAVE_STRINGS_H 1
| #define HAVE_INTTYPES_H 1
| #define HAVE_STDINT_H 1
| #define HAVE_UNISTD_H 1
| /* end confdefs.h.  */
| #include <minix/config.h>
configure:5270: result: no
configure:5270: checking for minix/config.h
configure:5270: result: no
configure:5291: checking whether it is safe to define __EXTENSIONS__
configure:5309: gcc -std=gnu99 -c -g -O2  conftest.c >&5
configure:5309: $? = 0
configure:5316: result: yes
configure:5337: checking for special C compiler options needed for large files
configure:5382: result: no
configure:5388: checking for _FILE_OFFSET_BITS value needed for large files
configure:5413: gcc -std=gnu99 -c -g -O2  conftest.c >&5
configure:5413: $? = 0
configure:5445: result: no
configure:5542: checking whether make supports nested variables
configure:5559: result: yes
configure:5599: checking build system type
configure:5613: result: x86_64-unknown-linux-gnu
configure:5633: checking host system type
configure:5646: result: x86_64-unknown-linux-gnu
configure:5687: checking how to print strings
configure:5714: result: printf
configure:5735: checking for a sed that does not truncate output
configure:5799: result: /bin/sed
configure:5817: checking for fgrep
configure:5879: result: /bin/grep -F
configure:5914: checking for ld used by gcc -std=gnu99
configure:5981: result: /usr/bin/ld
configure:5988: checking if the linker (/usr/bin/ld) is GNU ld
configure:6003: result: yes
configure:6015: checking for BSD- or MS-compatible name lister (nm)
configure:6064: result: /usr/bin/nm -B
configure:6194: checking the name lister (/usr/bin/nm -B) interface
configure:6201: gcc -std=gnu99 -c -g -O2  conftest.c >&5
configure:6204: /usr/bin/nm -B "conftest.o"
configure:6207: output
0000000000000000 B some_variable
configure:6214: result: BSD nm
configure:6218: checking the maximum length of command line arguments
configure:6349: result: 1572864
configure:6366: checking whether the shell understands some XSI constructs
configure:6376: result: yes
configure:6380: checking whether the shell understands "+="
configure:6386: result: yes
configure:6421: checking how to convert x86_64-unknown-linux-gnu file names to x86_64-unknown-linux-gnu format
configure:6461: result: func_convert_file_noop
configure:6468: checking how to convert x86_64-unknown-linux-gnu file names to toolchain format
configure:6488: result: func_convert_file_noop
configure:6495: checking for /usr/bin/ld option to reload object files
configure:6502: result: -r
configure:6576: checking for objdump
configure:6592: found /usr/bin/objdump
configure:6603: result: objdump
configure:6635: checking how to recognize dependent libraries
configure:6833: result: pass_all
configure:6918: checking for dlltool
configure:6948: result: no
configure:6978: checking how to associate runtime and link libraries
configure:7005: result: printf %s\n
configure:7065: checking for ar
configure:7081: found /usr/bin/ar
configure:7092: result: ar
configure:7129: checking for archiver @FILE support
configure:7146: gcc -std=gnu99 -c -g -O2  conftest.c >&5
configure:7146: $? = 0
configure:7149: ar cru libconftest.a @conftest.lst >&5
configure:7152: $? = 0
configure:7157: ar cru libconftest.a @conftest.lst >&5
ar: conftest.o: No such file or directory
configure:7160: $? = 1
configure:7172: result: @
configure:7230: checking for strip
configure:7246: found /usr/bin/strip
configure:7257: result: strip
configure:7329: checking for ranlib
configure:7345: found /usr/bin/ranlib
configure:7356: result: ranlib
configure:7458: checking command to parse /usr/bin/nm -B output from gcc -std=gnu99 object
configure:7578: gcc -std=gnu99 -c -g -O2  conftest.c >&5
configure:7581: $? = 0
configure:7585: /usr/bin/nm -B conftest.o \| sed -n -e 's/^.*[ ]\([ABCDGIRSTW][ABCDGIRSTW]*\)[ ][ ]*\([_A-Za-z][_A-Za-z0-9]*\)$/\1 \2 \2/p' | sed '/ __gnu_lto/d' \> conftest.nm
configure:7588: $? = 0
configure:7654: gcc -std=gnu99 -o conftest -g -O2   conftest.c conftstm.o >&5
configure:7657: $? = 0
configure:7695: result: ok
configure:7732: checking for sysroot
configure:7762: result: no
configure:7839: gcc -std=gnu99 -c -g -O2  conftest.c >&5
configure:7842: $? = 0
configure:8031: checking for mt
configure:8047: found /bin/mt
configure:8058: result: mt
configure:8081: checking if mt is a manifest tool
configure:8087: mt '-?'
configure:8095: result: no
configure:8734: checking for dlfcn.h
configure:8734: gcc -std=gnu99 -c -g -O2  conftest.c >&5
configure:8734: $? = 0
configure:8734: result: yes
configure:8951: checking for objdir
configure:8966: result: .libs
configure:9237: checking if gcc -std=gnu99 supports -fno-rtti -fno-exceptions
configure:9255: gcc -std=gnu99 -c -g -O2  -fno-rtti -fno-exceptions conftest.c >&5
cc1: warning: command line option '-fno-rtti' is valid for C++/ObjC++ but not for C
configure:9259: $? = 0
configure:9272: result: no
configure:9599: checking for gcc -std=gnu99 option to produce PIC
configure:9606: result: -fPIC -DPIC
configure:9614: checking if gcc -std=gnu99 PIC flag -fPIC -DPIC works
configure:9632: gcc -std=gnu99 -c -g -O2  -fPIC -DPIC -DPIC conftest.c >&5
configure:9636: $? = 0
configure:9649: result: yes
configure:9678: checking if gcc -std=gnu99 static flag -static works
configure:9706: result: yes
configure:9721: checking if gcc -std=gnu99 supports -c -o file.o
configure:9742: gcc -std=gnu99 -c -g -O2  -o out/conftest2.o conftest.c >&5
configure:9746: $? = 0
chmod: changing permissions of '.': Function not implemented
configure:9768: result: yes
configure:9776: checking if gcc -std=gnu99 supports -c -o file.o
configure:9823: result: yes
configure:9856: checking whether the gcc -std=gnu99 linker (/usr/bin/ld -m elf_x86_64) supports shared libraries
configure:11013: result: yes
configure:11050: checking whether -lc should be explicitly linked in
configure:11058: gcc -std=gnu99 -c -g -O2  conftest.c >&5
configure:11061: $? = 0
configure:11076: gcc -std=gnu99 -shared  -fPIC -DPIC conftest.o  -v -Wl,-soname -Wl,conftest -o conftest 2\>\&1 \| /bin/grep  -lc  \>/dev/null 2\>\&1
configure:11079: $? = 0
configure:11093: result: no
configure:11253: checking dynamic linker characteristics
configure:11753: gcc -std=gnu99 -o conftest -g -O2   -Wl,-rpath -Wl,/foo conftest.c  >&5
configure:11753: $? = 0
configure:11987: result: GNU/Linux ld.so
configure:12094: checking how to hardcode library paths into programs
configure:12119: result: immediate
configure:12659: checking whether stripping libraries is possible
configure:12664: result: yes
configure:12699: checking if libtool supports shared libraries
configure:12701: result: yes
configure:12704: checking whether to build shared libraries
configure:12725: result: yes
configure:12728: checking whether to build static libraries
configure:12732: result: yes
configure:12755: checking how to run the C++ preprocessor
configure:12782: g++ -E  conftest.cpp
configure:12782: $? = 0
configure:12796: g++ -E  conftest.cpp
conftest.cpp:28:28: fatal error: ac_nonexistent.h: No such file or directory
 #include <ac_nonexistent.h>
                            ^
compilation terminated.
configure:12796: $? = 1
configure: failed program was:
| /* confdefs.h */
| #define PACKAGE_NAME "protobuf-c"
| #define PACKAGE_TARNAME "protobuf-c"
| #define PACKAGE_VERSION "1.2.1"
| #define PACKAGE_STRING "protobuf-c 1.2.1"
| #define PACKAGE_BUGREPORT "https://github.com/protobuf-c/protobuf-c/issues"
| #define PACKAGE_URL "https://github.com/protobuf-c/protobuf-c"
| #define PACKAGE "protobuf-c"
| #define VERSION "1.2.1"
| #define STDC_HEADERS 1
| #define HAVE_SYS_TYPES_H 1
| #define HAVE_SYS_STAT_H 1
| #define HAVE_STDLIB_H 1
| #define HAVE_STRING_H 1
| #define HAVE_MEMORY_H 1
| #define HAVE_STRINGS_H 1
| #define HAVE_INTTYPES_H 1
| #define HAVE_STDINT_H 1
| #define HAVE_UNISTD_H 1
| #define __EXTENSIONS__ 1
| #define _ALL_SOURCE 1
| #define _GNU_SOURCE 1
| #define _POSIX_PTHREAD_SEMANTICS 1
| #define _TANDEM_SOURCE 1
| #define HAVE_DLFCN_H 1
| #define LT_OBJDIR ".libs/"
| /* end confdefs.h.  */
| #include <ac_nonexistent.h>
configure:12821: result: g++ -E
configure:12841: g++ -E  conftest.cpp
configure:12841: $? = 0
configure:12855: g++ -E  conftest.cpp
conftest.cpp:28:28: fatal error: ac_nonexistent.h: No such file or directory
 #include <ac_nonexistent.h>
                            ^
compilation terminated.
configure:12855: $? = 1
configure: failed program was:
| /* confdefs.h */
| #define PACKAGE_NAME "protobuf-c"
| #define PACKAGE_TARNAME "protobuf-c"
| #define PACKAGE_VERSION "1.2.1"
| #define PACKAGE_STRING "protobuf-c 1.2.1"
| #define PACKAGE_BUGREPORT "https://github.com/protobuf-c/protobuf-c/issues"
| #define PACKAGE_URL "https://github.com/protobuf-c/protobuf-c"
| #define PACKAGE "protobuf-c"
| #define VERSION "1.2.1"
| #define STDC_HEADERS 1
| #define HAVE_SYS_TYPES_H 1
| #define HAVE_SYS_STAT_H 1
| #define HAVE_STDLIB_H 1
| #define HAVE_STRING_H 1
| #define HAVE_MEMORY_H 1
| #define HAVE_STRINGS_H 1
| #define HAVE_INTTYPES_H 1
| #define HAVE_STDINT_H 1
| #define HAVE_UNISTD_H 1
| #define __EXTENSIONS__ 1
| #define _ALL_SOURCE 1
| #define _GNU_SOURCE 1
| #define _POSIX_PTHREAD_SEMANTICS 1
| #define _TANDEM_SOURCE 1
| #define HAVE_DLFCN_H 1
| #define LT_OBJDIR ".libs/"
| /* end confdefs.h.  */
| #include <ac_nonexistent.h>
configure:13024: checking for ld used by g++
configure:13091: result: /usr/bin/ld -m elf_x86_64
configure:13098: checking if the linker (/usr/bin/ld -m elf_x86_64) is GNU ld
configure:13113: result: yes
configure:13168: checking whether the g++ linker (/usr/bin/ld -m elf_x86_64) supports shared libraries
configure:14170: result: yes
configure:14206: g++ -c -g -O2  conftest.cpp >&5
configure:14209: $? = 0
configure:14729: checking for g++ option to produce PIC
configure:14736: result: -fPIC -DPIC
configure:14744: checking if g++ PIC flag -fPIC -DPIC works
configure:14762: g++ -c -g -O2  -fPIC -DPIC -DPIC conftest.cpp >&5
configure:14766: $? = 0
configure:14779: result: yes
configure:14802: checking if g++ static flag -static works
configure:14830: result: yes
configure:14842: checking if g++ supports -c -o file.o
configure:14863: g++ -c -g -O2  -o out/conftest2.o conftest.cpp >&5
configure:14867: $? = 0
chmod: changing permissions of '.': Function not implemented
configure:14889: result: yes
configure:14894: checking if g++ supports -c -o file.o
configure:14941: result: yes
configure:14971: checking whether the g++ linker (/usr/bin/ld -m elf_x86_64) supports shared libraries
configure:15010: result: yes
configure:15151: checking dynamic linker characteristics
configure:15819: result: GNU/Linux ld.so
configure:15872: checking how to hardcode library paths into programs
configure:15897: result: immediate
configure:15968: checking for doxygen
configure:15984: found /usr/bin/doxygen
configure:15995: result: doxygen
configure:16076: checking for pkg-config
configure:16094: found /usr/bin/pkg-config
configure:16106: result: /usr/bin/pkg-config
configure:16131: checking pkg-config is at least version 0.9.0
configure:16134: result: yes
configure:16193: checking for protobuf
configure:16200: $PKG_CONFIG --exists --print-errors "protobuf >= 2.6.0"
Requested 'protobuf >= 2.6.0' but version of Protocol Buffers is 2.5.0
configure:16203: $? = 1
configure:16217: $PKG_CONFIG --exists --print-errors "protobuf >= 2.6.0"
Requested 'protobuf >= 2.6.0' but version of Protocol Buffers is 2.5.0
configure:16220: $? = 1
configure:16234: result: no
Requested 'protobuf >= 2.6.0' but version of Protocol Buffers is 2.5.0
configure:16250: error: Package requirements (protobuf >= 2.6.0) were not met:

Requested 'protobuf >= 2.6.0' but version of Protocol Buffers is 2.5.0

Consider adjusting the PKG_CONFIG_PATH environment variable if you
installed software in a non-standard prefix.

Alternatively, you may set the environment variables protobuf_CFLAGS
and protobuf_LIBS to avoid the need to call pkg-config.
See the pkg-config man page for more details.

## ---------------- ##
## Cache variables. ##
## ---------------- ##

ac_cv_build=x86_64-unknown-linux-gnu
ac_cv_c_compiler_gnu=yes
ac_cv_cxx_compiler_gnu=yes
ac_cv_env_CCC_set=
ac_cv_env_CCC_value=
ac_cv_env_CC_set=
ac_cv_env_CC_value=
ac_cv_env_CFLAGS_set=
ac_cv_env_CFLAGS_value=
ac_cv_env_CPPFLAGS_set=
ac_cv_env_CPPFLAGS_value=
ac_cv_env_CPP_set=
ac_cv_env_CPP_value=
ac_cv_env_CXXCPP_set=
ac_cv_env_CXXCPP_value=
ac_cv_env_CXXFLAGS_set=
ac_cv_env_CXXFLAGS_value=
ac_cv_env_CXX_set=
ac_cv_env_CXX_value=
ac_cv_env_LDFLAGS_set=
ac_cv_env_LDFLAGS_value=
ac_cv_env_LIBS_set=
ac_cv_env_LIBS_value=
ac_cv_env_PKG_CONFIG_LIBDIR_set=
ac_cv_env_PKG_CONFIG_LIBDIR_value=
ac_cv_env_PKG_CONFIG_PATH_set=set
ac_cv_env_PKG_CONFIG_PATH_value=/home/vz2mtn/KOHAF/devel/lib/pkgconfig:/opt/ros/jade/lib/pkgconfig
ac_cv_env_PKG_CONFIG_set=
ac_cv_env_PKG_CONFIG_value=
ac_cv_env_PROTOC_set=
ac_cv_env_PROTOC_value=
ac_cv_env_build_alias_set=
ac_cv_env_build_alias_value=
ac_cv_env_host_alias_set=
ac_cv_env_host_alias_value=
ac_cv_env_protobuf_CFLAGS_set=
ac_cv_env_protobuf_CFLAGS_value=
ac_cv_env_protobuf_LIBS_set=
ac_cv_env_protobuf_LIBS_value=
ac_cv_env_target_alias_set=
ac_cv_env_target_alias_value=
ac_cv_header_dlfcn_h=yes
ac_cv_header_inttypes_h=yes
ac_cv_header_memory_h=yes
ac_cv_header_minix_config_h=no
ac_cv_header_stdc=yes
ac_cv_header_stdint_h=yes
ac_cv_header_stdlib_h=yes
ac_cv_header_string_h=yes
ac_cv_header_strings_h=yes
ac_cv_header_sys_stat_h=yes
ac_cv_header_sys_types_h=yes
ac_cv_header_unistd_h=yes
ac_cv_host=x86_64-unknown-linux-gnu
ac_cv_objext=o
ac_cv_path_EGREP='/bin/grep -E'
ac_cv_path_FGREP='/bin/grep -F'
ac_cv_path_GREP=/bin/grep
ac_cv_path_SED=/bin/sed
ac_cv_path_ac_pt_PKG_CONFIG=/usr/bin/pkg-config
ac_cv_path_mkdir=/bin/mkdir
ac_cv_prog_AWK=gawk
ac_cv_prog_CPP='gcc -std=gnu99 -E'
ac_cv_prog_CXXCPP='g++ -E'
ac_cv_prog_DOXYGEN=doxygen
ac_cv_prog_ac_ct_AR=ar
ac_cv_prog_ac_ct_CC=gcc
ac_cv_prog_ac_ct_CXX=g++
ac_cv_prog_ac_ct_MANIFEST_TOOL=mt
ac_cv_prog_ac_ct_OBJDUMP=objdump
ac_cv_prog_ac_ct_RANLIB=ranlib
ac_cv_prog_ac_ct_STRIP=strip
ac_cv_prog_cc_c89=
ac_cv_prog_cc_c99=-std=gnu99
ac_cv_prog_cc_g=yes
ac_cv_prog_cc_stdc=-std=gnu99
ac_cv_prog_cxx_g=yes
ac_cv_prog_make_make_set=yes
ac_cv_safe_to_define___extensions__=yes
ac_cv_sys_file_offset_bits=no
ac_cv_sys_largefile_CC=no
am_cv_CC_dependencies_compiler_type=gcc3
am_cv_CXX_dependencies_compiler_type=gcc3
am_cv_make_support_nested_variables=yes
am_cv_prog_cc_c_o=yes
lt_cv_ar_at_file=@
lt_cv_archive_cmds_need_lc=no
lt_cv_deplibs_check_method=pass_all
lt_cv_file_magic_cmd='$MAGIC_CMD'
lt_cv_file_magic_test_file=
lt_cv_ld_reload_flag=-r
lt_cv_nm_interface='BSD nm'
lt_cv_objdir=.libs
lt_cv_path_LD=/usr/bin/ld
lt_cv_path_LDCXX='/usr/bin/ld -m elf_x86_64'
lt_cv_path_NM='/usr/bin/nm -B'
lt_cv_path_mainfest_tool=no
lt_cv_prog_compiler_c_o=yes
lt_cv_prog_compiler_c_o_CXX=yes
lt_cv_prog_compiler_pic='-fPIC -DPIC'
lt_cv_prog_compiler_pic_CXX='-fPIC -DPIC'
lt_cv_prog_compiler_pic_works=yes
lt_cv_prog_compiler_pic_works_CXX=yes
lt_cv_prog_compiler_rtti_exceptions=no
lt_cv_prog_compiler_static_works=yes
lt_cv_prog_compiler_static_works_CXX=yes
lt_cv_prog_gnu_ld=yes
lt_cv_prog_gnu_ldcxx=yes
lt_cv_sharedlib_from_linklib_cmd='printf %s\n'
lt_cv_shlibpath_overrides_runpath=no
lt_cv_sys_global_symbol_pipe='sed -n -e '\''s/^.*[	 ]\([ABCDGIRSTW][ABCDGIRSTW]*\)[	 ][	 ]*\([_A-Za-z][_A-Za-z0-9]*\)$/\1 \2 \2/p'\'' | sed '\''/ __gnu_lto/d'\'''
lt_cv_sys_global_symbol_to_c_name_address='sed -n -e '\''s/^: \([^ ]*\)[ ]*$/  {\"\1\", (void *) 0},/p'\'' -e '\''s/^[ABCDGIRSTW]* \([^ ]*\) \([^ ]*\)$/  {"\2", (void *) \&\2},/p'\'''
lt_cv_sys_global_symbol_to_c_name_address_lib_prefix='sed -n -e '\''s/^: \([^ ]*\)[ ]*$/  {\"\1\", (void *) 0},/p'\'' -e '\''s/^[ABCDGIRSTW]* \([^ ]*\) \(lib[^ ]*\)$/  {"\2", (void *) \&\2},/p'\'' -e '\''s/^[ABCDGIRSTW]* \([^ ]*\) \([^ ]*\)$/  {"lib\2", (void *) \&\2},/p'\'''
lt_cv_sys_global_symbol_to_cdecl='sed -n -e '\''s/^T .* \(.*\)$/extern int \1();/p'\'' -e '\''s/^[ABCDGIRSTW]* .* \(.*\)$/extern char \1;/p'\'''
lt_cv_sys_max_cmd_len=1572864
lt_cv_to_host_file_cmd=func_convert_file_noop
lt_cv_to_tool_file_cmd=func_convert_file_noop

## ----------------- ##
## Output variables. ##
## ----------------- ##

ACLOCAL='${SHELL} /media/vz2mtn/UUI/OPEL_Workspace/Cpp_Tools/cppTutorial/src/protobuf/protobuf-c/build-aux/missing aclocal-1.14'
AMDEPBACKSLASH='\'
AMDEP_FALSE='#'
AMDEP_TRUE=''
AMTAR='$${TAR-tar}'
AM_BACKSLASH='\'
AM_DEFAULT_V='$(AM_DEFAULT_VERBOSITY)'
AM_DEFAULT_VERBOSITY='0'
AM_V='$(V)'
AR='ar'
AUTOCONF='${SHELL} /media/vz2mtn/UUI/OPEL_Workspace/Cpp_Tools/cppTutorial/src/protobuf/protobuf-c/build-aux/missing autoconf'
AUTOHEADER='${SHELL} /media/vz2mtn/UUI/OPEL_Workspace/Cpp_Tools/cppTutorial/src/protobuf/protobuf-c/build-aux/missing autoheader'
AUTOMAKE='${SHELL} /media/vz2mtn/UUI/OPEL_Workspace/Cpp_Tools/cppTutorial/src/protobuf/protobuf-c/build-aux/missing automake-1.14'
AWK='gawk'
BUILD_COMPILER_FALSE=''
BUILD_COMPILER_TRUE=''
CC='gcc -std=gnu99'
CCDEPMODE='depmode=gcc3'
CFLAGS='-g -O2'
CODE_COVERAGE_CFLAGS=''
CODE_COVERAGE_ENABLED=''
CODE_COVERAGE_ENABLED_FALSE=''
CODE_COVERAGE_ENABLED_TRUE=''
CODE_COVERAGE_LDFLAGS=''
CODE_COVERAGE_RULES=''
CPP='gcc -std=gnu99 -E'
CPPFLAGS=''
CROSS_COMPILING_FALSE=''
CROSS_COMPILING_TRUE=''
CXX='g++'
CXXCPP='g++ -E'
CXXDEPMODE='depmode=gcc3'
CXXFLAGS='-g -O2'
CYGPATH_W='echo'
DEFS=''
DEPDIR='.deps'
DLLTOOL='false'
DOXYGEN='doxygen'
DOXYGEN_INPUT='./protobuf-c'
DSYMUTIL=''
DUMPBIN=''
ECHO_C=''
ECHO_N='-n'
ECHO_T=''
EGREP='/bin/grep -E'
EXEEXT=''
FGREP='/bin/grep -F'
GENHTML=''
GREP='/bin/grep'
HAVE_DOXYGEN_FALSE='#'
HAVE_DOXYGEN_TRUE=''
HAVE_LD_VERSION_SCRIPT_FALSE=''
HAVE_LD_VERSION_SCRIPT_TRUE=''
INSTALL_DATA='${INSTALL} -m 644'
INSTALL_PROGRAM='${INSTALL}'
INSTALL_SCRIPT='${INSTALL}'
INSTALL_STRIP_PROGRAM='$(install_sh) -c -s'
LCOV=''
LD='/usr/bin/ld -m elf_x86_64'
LDFLAGS=''
LIBOBJS=''
LIBS=''
LIBTOOL='$(SHELL) $(top_builddir)/libtool'
LIPO=''
LN_S='cp -pR'
LTLIBOBJS=''
MAKEINFO='${SHELL} /media/vz2mtn/UUI/OPEL_Workspace/Cpp_Tools/cppTutorial/src/protobuf/protobuf-c/build-aux/missing makeinfo'
MANIFEST_TOOL=':'
MKDIR_P='/bin/mkdir -p'
NM='/usr/bin/nm -B'
NMEDIT=''
OBJDUMP='objdump'
OBJEXT='o'
OTOOL64=''
OTOOL=''
PACKAGE='protobuf-c'
PACKAGE_BUGREPORT='https://github.com/protobuf-c/protobuf-c/issues'
PACKAGE_DESCRIPTION='Protocol Buffers implementation in C'
PACKAGE_NAME='protobuf-c'
PACKAGE_STRING='protobuf-c 1.2.1'
PACKAGE_TARNAME='protobuf-c'
PACKAGE_URL='https://github.com/protobuf-c/protobuf-c'
PACKAGE_VERSION='1.2.1'
PATH_SEPARATOR=':'
PKG_CONFIG='/usr/bin/pkg-config'
PKG_CONFIG_LIBDIR=''
PKG_CONFIG_PATH='/home/vz2mtn/KOHAF/devel/lib/pkgconfig:/opt/ros/jade/lib/pkgconfig'
PROTOC=''
RANLIB='ranlib'
SED='/bin/sed'
SET_MAKE=''
SHELL='/bin/bash'
STRIP='strip'
VALGRIND=''
VERSION='1.2.1'
ac_ct_AR='ar'
ac_ct_CC='gcc'
ac_ct_CXX='g++'
ac_ct_DUMPBIN=''
am__EXEEXT_FALSE=''
am__EXEEXT_TRUE=''
am__fastdepCC_FALSE='#'
am__fastdepCC_TRUE=''
am__fastdepCXX_FALSE='#'
am__fastdepCXX_TRUE=''
am__include='include'
am__isrc=''
am__leading_dot='.'
am__nodep='_no'
am__quote=''
am__tar='$${TAR-tar} chof - "$$tardir"'
am__untar='$${TAR-tar} xf -'
bindir='${exec_prefix}/bin'
build='x86_64-unknown-linux-gnu'
build_alias=''
build_cpu='x86_64'
build_os='linux-gnu'
build_vendor='unknown'
datadir='${datarootdir}'
datarootdir='${prefix}/share'
docdir='${datarootdir}/doc/${PACKAGE_TARNAME}'
dvidir='${docdir}'
exec_prefix='NONE'
host='x86_64-unknown-linux-gnu'
host_alias=''
host_cpu='x86_64'
host_os='linux-gnu'
host_vendor='unknown'
htmldir='${docdir}'
includedir='${prefix}/include'
infodir='${datarootdir}/info'
install_sh='${SHELL} /media/vz2mtn/UUI/OPEL_Workspace/Cpp_Tools/cppTutorial/src/protobuf/protobuf-c/build-aux/install-sh'
libdir='${exec_prefix}/lib'
libexecdir='${exec_prefix}/libexec'
localedir='${datarootdir}/locale'
localstatedir='${prefix}/var'
mandir='${datarootdir}/man'
mkdir_p='$(MKDIR_P)'
oldincludedir='/usr/include'
pdfdir='${docdir}'
pkgconfigdir='${libdir}/pkgconfig'
prefix='NONE'
program_transform_name='s,x,x,'
protobuf_CFLAGS=''
protobuf_LIBS=''
psdir='${docdir}'
sbindir='${exec_prefix}/sbin'
sharedstatedir='${prefix}/com'
sysconfdir='${prefix}/etc'
target_alias=''

## ----------- ##
## confdefs.h. ##
## ----------- ##

/* confdefs.h */
#define PACKAGE_NAME "protobuf-c"
#define PACKAGE_TARNAME "protobuf-c"
#define PACKAGE_VERSION "1.2.1"
#define PACKAGE_STRING "protobuf-c 1.2.1"
#define PACKAGE_BUGREPORT "https://github.com/protobuf-c/protobuf-c/issues"
#define PACKAGE_URL "https://github.com/protobuf-c/protobuf-c"
#define PACKAGE "protobuf-c"
#define VERSION "1.2.1"
#define STDC_HEADERS 1
#define HAVE_SYS_TYPES_H 1
#define HAVE_SYS_STAT_H 1
#define HAVE_STDLIB_H 1
#define HAVE_STRING_H 1
#define HAVE_MEMORY_H 1
#define HAVE_STRINGS_H 1
#define HAVE_INTTYPES_H 1
#define HAVE_STDINT_H 1
#define HAVE_UNISTD_H 1
#define __EXTENSIONS__ 1
#define _ALL_SOURCE 1
#define _GNU_SOURCE 1
#define _POSIX_PTHREAD_SEMANTICS 1
#define _TANDEM_SOURCE 1
#define HAVE_DLFCN_H 1
#define LT_OBJDIR ".libs/"

configure: exit 1
