Determining if the pthread_create exist failed with the following output:
Change Dir: /lhome/harrmax/workspace/daimler_harr_workspace/cpp/udp_and_protobuf/protobuf_win7_ubuntu/cmake/CMakeFiles/CMakeTmp

Run Build Command:"/usr/bin/make" "cmTC_8c4fd/fast"
/usr/bin/make -f CMakeFiles/cmTC_8c4fd.dir/build.make CMakeFiles/cmTC_8c4fd.dir/build
make[1]: Entering directory '/lhome/harrmax/workspace/daimler_harr_workspace/cpp/udp_and_protobuf/protobuf_win7_ubuntu/cmake/CMakeFiles/CMakeTmp'
Building C object CMakeFiles/cmTC_8c4fd.dir/CheckSymbolExists.c.o
/usr/bin/cc    -o CMakeFiles/cmTC_8c4fd.dir/CheckSymbolExists.c.o   -c /lhome/harrmax/workspace/daimler_harr_workspace/cpp/udp_and_protobuf/protobuf_win7_ubuntu/cmake/CMakeFiles/CMakeTmp/CheckSymbolExists.c
Linking C executable cmTC_8c4fd
/usr/bin/cmake -E cmake_link_script CMakeFiles/cmTC_8c4fd.dir/link.txt --verbose=1
/usr/bin/cc      -rdynamic CMakeFiles/cmTC_8c4fd.dir/CheckSymbolExists.c.o  -o cmTC_8c4fd 
CMakeFiles/cmTC_8c4fd.dir/CheckSymbolExists.c.o: In function `main':
CheckSymbolExists.c:(.text+0x1b): undefined reference to `pthread_create'
collect2: error: ld returned 1 exit status
CMakeFiles/cmTC_8c4fd.dir/build.make:97: recipe for target 'cmTC_8c4fd' failed
make[1]: *** [cmTC_8c4fd] Error 1
make[1]: Leaving directory '/lhome/harrmax/workspace/daimler_harr_workspace/cpp/udp_and_protobuf/protobuf_win7_ubuntu/cmake/CMakeFiles/CMakeTmp'
Makefile:126: recipe for target 'cmTC_8c4fd/fast' failed
make: *** [cmTC_8c4fd/fast] Error 2

File /lhome/harrmax/workspace/daimler_harr_workspace/cpp/udp_and_protobuf/protobuf_win7_ubuntu/cmake/CMakeFiles/CMakeTmp/CheckSymbolExists.c:
/* */
#include <pthread.h>

int main(int argc, char** argv)
{
  (void)argv;
#ifndef pthread_create
  return ((int*)(&pthread_create))[argc];
#else
  (void)argc;
  return 0;
#endif
}

Determining if the function pthread_create exists in the pthreads failed with the following output:
Change Dir: /lhome/harrmax/workspace/daimler_harr_workspace/cpp/udp_and_protobuf/protobuf_win7_ubuntu/cmake/CMakeFiles/CMakeTmp

Run Build Command:"/usr/bin/make" "cmTC_0e619/fast"
/usr/bin/make -f CMakeFiles/cmTC_0e619.dir/build.make CMakeFiles/cmTC_0e619.dir/build
make[1]: Entering directory '/lhome/harrmax/workspace/daimler_harr_workspace/cpp/udp_and_protobuf/protobuf_win7_ubuntu/cmake/CMakeFiles/CMakeTmp'
Building C object CMakeFiles/cmTC_0e619.dir/CheckFunctionExists.c.o
/usr/bin/cc   -DCHECK_FUNCTION_EXISTS=pthread_create   -o CMakeFiles/cmTC_0e619.dir/CheckFunctionExists.c.o   -c /usr/share/cmake-3.10/Modules/CheckFunctionExists.c
Linking C executable cmTC_0e619
/usr/bin/cmake -E cmake_link_script CMakeFiles/cmTC_0e619.dir/link.txt --verbose=1
/usr/bin/cc  -DCHECK_FUNCTION_EXISTS=pthread_create    -rdynamic CMakeFiles/cmTC_0e619.dir/CheckFunctionExists.c.o  -o cmTC_0e619 -lpthreads 
/usr/bin/ld: cannot find -lpthreads
collect2: error: ld returned 1 exit status
CMakeFiles/cmTC_0e619.dir/build.make:97: recipe for target 'cmTC_0e619' failed
make[1]: *** [cmTC_0e619] Error 1
make[1]: Leaving directory '/lhome/harrmax/workspace/daimler_harr_workspace/cpp/udp_and_protobuf/protobuf_win7_ubuntu/cmake/CMakeFiles/CMakeTmp'
Makefile:126: recipe for target 'cmTC_0e619/fast' failed
make: *** [cmTC_0e619/fast] Error 2


